[debug] [2023-08-03T04:37:12.601Z] ----------------------------------------------------------------------
[debug] [2023-08-03T04:37:12.603Z] Command:       C:\Program Files\nodejs\node.exe C:\Users\Magician\AppData\Roaming\npm\node_modules\firebase-tools\lib\bin\firebase.js init
[debug] [2023-08-03T04:37:12.603Z] CLI Version:   12.4.6
[debug] [2023-08-03T04:37:12.604Z] Platform:      win32
[debug] [2023-08-03T04:37:12.604Z] Node Version:  v18.16.1
[debug] [2023-08-03T04:37:12.605Z] Time:          Thu Aug 03 2023 10:07:12 GMT+0530 (India Standard Time)
[debug] [2023-08-03T04:37:12.605Z] ----------------------------------------------------------------------
[debug] 
[debug] [2023-08-03T04:37:12.667Z] > command requires scopes: ["email","openid","https://www.googleapis.com/auth/cloudplatformprojects.readonly","https://www.googleapis.com/auth/firebase","https://www.googleapis.com/auth/cloud-platform"]
[debug] [2023-08-03T04:37:12.667Z] > authorizing via signed-in user (thesumit0013@gmail.com)
[info] 
     ######## #### ########  ######## ########     ###     ######  ########
     ##        ##  ##     ## ##       ##     ##  ##   ##  ##       ##
     ######    ##  ########  ######   ########  #########  ######  ######
     ##        ##  ##    ##  ##       ##     ## ##     ##       ## ##
     ##       #### ##     ## ######## ########  ##     ##  ######  ########

You're about to initialize a Firebase project in this directory:

  C:\Users\Magician\OneDrive\Desktop\Magician\Persist Ventures\Persist Ventures\Ai-FLix(Edited)\Ai Flix Webapp

Before we get started, keep in mind:

  * You are initializing within an existing Firebase project directory

[info] 
=== Project Setup
[info] 
[info] First, let's associate this project directory with a Firebase project.
[info] You can create multiple project aliases by running firebase use --add, 
[info] but for now we'll just set up a default project.
[info] 
[debug] [2023-08-03T04:37:22.289Z] Using project from CLI flag: disney-plus-clone-1abfb
[debug] [2023-08-03T04:37:22.290Z] > refreshing access token with scopes: []
[debug] [2023-08-03T04:37:22.292Z] >>> [apiv2][query] POST https://www.googleapis.com/oauth2/v3/token [none]
[debug] [2023-08-03T04:37:22.292Z] >>> [apiv2][body] POST https://www.googleapis.com/oauth2/v3/token [omitted]
[debug] [2023-08-03T04:37:22.513Z] <<< [apiv2][status] POST https://www.googleapis.com/oauth2/v3/token 200
[debug] [2023-08-03T04:37:22.513Z] <<< [apiv2][body] POST https://www.googleapis.com/oauth2/v3/token [omitted]
[debug] [2023-08-03T04:37:22.544Z] >>> [apiv2][query] GET https://firebase.googleapis.com/v1beta1/projects/disney-plus-clone-1abfb [none]
[debug] [2023-08-03T04:37:22.975Z] <<< [apiv2][status] GET https://firebase.googleapis.com/v1beta1/projects/disney-plus-clone-1abfb 200
[debug] [2023-08-03T04:37:22.975Z] <<< [apiv2][body] GET https://firebase.googleapis.com/v1beta1/projects/disney-plus-clone-1abfb {"projectId":"disney-plus-clone-1abfb","projectNumber":"205160206542","displayName":"Ai-FLix","name":"projects/disney-plus-clone-1abfb","resources":{"hostingSite":"disney-plus-clone-1abfb","realtimeDatabaseInstance":"disney-plus-clone-1abfb-default-rtdb","storageBucket":"disney-plus-clone-1abfb.appspot.com","locationId":"asia-south1"},"state":"ACTIVE","etag":"1_7289cd14-f5d0-4b34-a9f3-02d5f0e63aa8"}
[info] i  Using project disney-plus-clone-1abfb (Ai-FLix) 
[info] 
=== Hosting Setup
[info] 
[info] Your public directory is the folder (relative to your project directory) that
[info] will contain Hosting assets to be uploaded with firebase deploy. If you
[info] have a build process for your assets, use your build's output directory.
[info] 
[debug] [2023-08-03T05:06:12.664Z] ----------------------------------------------------------------------
[debug] [2023-08-03T05:06:12.666Z] Command:       C:\Program Files\nodejs\node.exe C:\Users\Magician\AppData\Roaming\npm\node_modules\firebase-tools\lib\bin\firebase.js init
[debug] [2023-08-03T05:06:12.666Z] CLI Version:   12.4.6
[debug] [2023-08-03T05:06:12.667Z] Platform:      win32
[debug] [2023-08-03T05:06:12.667Z] Node Version:  v18.16.1
[debug] [2023-08-03T05:06:12.668Z] Time:          Thu Aug 03 2023 10:36:12 GMT+0530 (India Standard Time)
[debug] [2023-08-03T05:06:12.668Z] ----------------------------------------------------------------------
[debug] 
[debug] [2023-08-03T05:06:12.732Z] > command requires scopes: ["email","openid","https://www.googleapis.com/auth/cloudplatformprojects.readonly","https://www.googleapis.com/auth/firebase","https://www.googleapis.com/auth/cloud-platform"]
[debug] [2023-08-03T05:06:12.733Z] > authorizing via signed-in user (thesumit0013@gmail.com)
[info] 
     ######## #### ########  ######## ########     ###     ######  ########
     ##        ##  ##     ## ##       ##     ##  ##   ##  ##       ##
     ######    ##  ########  ######   ########  #########  ######  ######
     ##        ##  ##    ##  ##       ##     ## ##     ##       ## ##
     ##       #### ##     ## ######## ########  ##     ##  ######  ########

You're about to initialize a Firebase project in this directory:

  C:\Users\Magician\OneDrive\Desktop\Magician\Persist Ventures\Persist Ventures\Ai-FLix(Edited)\Ai Flix Webapp

Before we get started, keep in mind:

  * You are initializing within an existing Firebase project directory

